Log file open, 12/25/19 12:47:51
LogWindows: Failed to load 'aqProf.dll' (GetLastError=126)
LogWindows: File 'aqProf.dll' does not exist
LogWindows: Failed to load 'VtuneApi.dll' (GetLastError=126)
LogWindows: File 'VtuneApi.dll' does not exist
LogWindows: Failed to load 'VtuneApi32e.dll' (GetLastError=126)
LogWindows: File 'VtuneApi32e.dll' does not exist
LogInit: Display: Running engine for game: BuildingEscape
LogPlatformFile: Not using cached read wrapper
LogInit: Display: RandInit(-2008366058) SRandInit(-2008366058).
LogInit: Read version file with build ID '3944462'
LogInit: Overriding engine version to CL 4033788, compatible CL 3944462
LogInit: Registered custom module enumerator with build ID '3944462'
LogTaskGraph: Started task graph with 5 named threads and 23 total threads with 3 sets of task threads.
LogStats: Stats thread started at 1.146398
LogD3D11RHI: Aftermath initialized
LogICUInternationalization: Display: ICU TimeZone Detection - Raw Offset: +0:00, Platform Override: ''
LogPluginManager: Mounting plugin Paper2D
LogPluginManager: Mounting plugin LiveLink
LogPluginManager: Mounting plugin LightPropagationVolume
LogPluginManager: Mounting plugin CLionSourceCodeAccess
LogPluginManager: Mounting plugin CodeLiteSourceCodeAccess
LogPluginManager: Mounting plugin GitSourceControl
LogPluginManager: Mounting plugin KDevelopSourceCodeAccess
LogPluginManager: Mounting plugin NullSourceCodeAccess
LogPluginManager: Mounting plugin PerforceSourceControl
LogPluginManager: Mounting plugin SubversionSourceControl
LogPluginManager: Mounting plugin UObjectPlugin
LogPluginManager: Mounting plugin VisualStudioCodeSourceCodeAccess
LogPluginManager: Mounting plugin VisualStudioSourceCodeAccess
LogPluginManager: Mounting plugin XCodeSourceCodeAccess
LogPluginManager: Mounting plugin AssetManagerEditor
LogPluginManager: Mounting plugin CryptoKeys
LogPluginManager: Mounting plugin DataValidation
LogPluginManager: Mounting plugin FacialAnimation
LogPluginManager: Mounting plugin GameplayTagsEditor
LogPluginManager: Mounting plugin MobileLauncherProfileWizard
LogPluginManager: Mounting plugin PluginBrowser
LogPluginManager: Mounting plugin SpeedTreeImporter
LogPluginManager: Mounting plugin DatasmithContent
LogPluginManager: Mounting plugin AlembicImporter
LogPluginManager: Mounting plugin CharacterAI
LogPluginManager: Mounting plugin HTML5Networking
LogPluginManager: Mounting plugin AndroidMedia
LogPluginManager: Mounting plugin AvfMedia
LogPluginManager: Mounting plugin ImgMedia
LogPluginManager: Mounting plugin LinearTimecode
LogPluginManager: Mounting plugin MediaCompositing
LogPluginManager: Mounting plugin MediaPlayerEditor
LogPluginManager: Mounting plugin WmfMedia
LogPluginManager: Mounting plugin TcpMessaging
LogPluginManager: Mounting plugin UdpMessaging
LogPluginManager: Mounting plugin ActorSequence
LogPluginManager: Mounting plugin LevelSequenceEditor
LogPluginManager: Mounting plugin MatineeToLevelSequence
LogPluginManager: Mounting plugin NetcodeUnitTest
LogPluginManager: Mounting plugin NUTUnrealEngine4
LogPluginManager: Mounting plugin OnlineSubsystemGooglePlay
LogPluginManager: Mounting plugin OnlineSubsystemIOS
LogPluginManager: Mounting plugin OnlineSubsystem
LogPluginManager: Mounting plugin OnlineSubsystemNull
LogPluginManager: Mounting plugin OnlineSubsystemUtils
LogPluginManager: Mounting plugin AndroidDeviceProfileSelector
LogPluginManager: Mounting plugin AndroidMoviePlayer
LogPluginManager: Mounting plugin AndroidPermission
LogPluginManager: Mounting plugin AppleARKit
LogPluginManager: Mounting plugin AppleMoviePlayer
LogPluginManager: Mounting plugin ArchVisCharacter
LogPluginManager: Mounting plugin AudioCapture
LogPluginManager: Mounting plugin CableComponent
LogPluginManager: Mounting plugin CustomMeshComponent
LogPluginManager: Mounting plugin ExampleDeviceProfileSelector
LogPluginManager: Mounting plugin GoogleCloudMessaging
LogPluginManager: Mounting plugin ImmediatePhysics
LogPluginManager: Mounting plugin IOSDeviceProfileSelector
LogPluginManager: Mounting plugin LinuxDeviceProfileSelector
LogPluginManager: Mounting plugin LocationServicesBPLibrary
LogPluginManager: Mounting plugin MobilePatchingUtils
LogPluginManager: Mounting plugin OculusVR
LogPluginManager: Plugin shader directory ../../../Engine/Plugins/Runtime/Oculus/OculusVR/Shaders found
LogPluginManager: Mapping shader source directory ../../../Engine/Plugins/Runtime/Oculus/OculusVR/Shaders to virtual directory /Plugin/OculusVR
LogPluginManager: Mounting plugin PhysXVehicles
LogPluginManager: Mounting plugin ProceduralMeshComponent
LogPluginManager: Mounting plugin RuntimePhysXCooking
LogPluginManager: Mounting plugin SteamVR
LogPluginManager: Mounting plugin WindowsMoviePlayer
LogStreaming: Display: Took  1.270s to configure plugins.
LogModuleManager: Display: Found up-to-date module file G:/GitHub/Unreal_BuildingEscape/BuildingEscape/Binaries/Win64/UE4Editor-BuildingEscape-8753.dll (API version 3944462).
LogModuleManager: Display: Found up-to-date module file ../../../Engine/Plugins/2D/Paper2D/Binaries/Win64/UE4Editor-Paper2D.dll (API version 3944462).
LogModuleManager: Display: Found up-to-date module file ../../../Engine/Plugins/2D/Paper2D/Binaries/Win64/UE4Editor-Paper2DEditor.dll (API version 3944462).
LogModuleManager: Display: Found up-to-date module file ../../../Engine/Plugins/2D/Paper2D/Binaries/Win64/UE4Editor-PaperSpriteSheetImporter.dll (API version 3944462).
LogModuleManager: Display: Found up-to-date module file ../../../Engine/Plugins/2D/Paper2D/Binaries/Win64/UE4Editor-PaperTiledImporter.dll (API version 3944462).
LogModuleManager: Display: Found up-to-date module file ../../../Engine/Plugins/2D/Paper2D/Binaries/Win64/UE4Editor-SmartSnapping.dll (API version 3944462).
LogModuleManager: Display: Found up-to-date module file ../../../Engine/Plugins/Animation/LiveLink/Binaries/Win64/UE4Editor-LiveLink.dll (API version 3944462).
LogModuleManager: Display: Found up-to-date module file ../../../Engine/Plugins/Animation/LiveLink/Binaries/Win64/UE4Editor-LiveLinkEditor.dll (API version 3944462).
LogModuleManager: Display: Found up-to-date module file ../../../Engine/Plugins/Blendables/LightPropagationVolume/Binaries/Win64/UE4Editor-LightPropagationVolumeRuntime.dll (API version 3944462).
LogModuleManager: Display: Found up-to-date module file ../../../Engine/Plugins/Blendables/LightPropagationVolume/Binaries/Win64/UE4Editor-LightPropagationVolumeEditor.dll (API version 3944462).
LogModuleManager: Display: Found up-to-date module file ../../../Engine/Plugins/Developer/CLionSourceCodeAccess/Binaries/Win64/UE4Editor-CLionSourceCodeAccess.dll (API version 3944462).
LogModuleManager: Display: Found up-to-date module file ../../../Engine/Plugins/Developer/GitSourceControl/Binaries/Win64/UE4Editor-GitSourceControl.dll (API version 3944462).
LogModuleManager: Display: Found up-to-date module file ../../../Engine/Plugins/Developer/PerforceSourceControl/Binaries/Win64/UE4Editor-PerforceSourceControl.dll (API version 3944462).
LogModuleManager: Display: Found up-to-date module file ../../../Engine/Plugins/Developer/SubversionSourceControl/Binaries/Win64/UE4Editor-SubversionSourceControl.dll (API version 3944462).
LogModuleManager: Display: Found up-to-date module file ../../../Engine/Plugins/Developer/UObjectPlugin/Binaries/Win64/UE4Editor-UObjectPlugin.dll (API version 3944462).
LogModuleManager: Display: Found up-to-date module file ../../../Engine/Plugins/Developer/VisualStudioCodeSourceCodeAccess/Binaries/Win64/UE4Editor-VisualStudioCodeSourceCodeAccess.dll (API version 3944462).
LogModuleManager: Display: Found up-to-date module file ../../../Engine/Plugins/Developer/VisualStudioSourceCodeAccess/Binaries/Win64/UE4Editor-VisualStudioSourceCodeAccess.dll (API version 3944462).
LogModuleManager: Display: Found up-to-date module file ../../../Engine/Plugins/Editor/AssetManagerEditor/Binaries/Win64/UE4Editor-AssetManagerEditor.dll (API version 3944462).
LogModuleManager: Display: Found up-to-date module file ../../../Engine/Plugins/Editor/CryptoKeys/Binaries/Win64/UE4Editor-CryptoKeys.dll (API version 3944462).
LogModuleManager: Display: Found up-to-date module file ../../../Engine/Plugins/Editor/CryptoKeys/Binaries/Win64/UE4Editor-CryptoKeysOpenSSL.dll (API version 3944462).
LogModuleManager: Display: Found up-to-date module file ../../../Engine/Plugins/Editor/DataValidation/Binaries/Win64/UE4Editor-DataValidation.dll (API version 3944462).
LogModuleManager: Display: Found up-to-date module file ../../../Engine/Plugins/Editor/FacialAnimation/Binaries/Win64/UE4Editor-FacialAnimation.dll (API version 3944462).
LogModuleManager: Display: Found up-to-date module file ../../../Engine/Plugins/Editor/FacialAnimation/Binaries/Win64/UE4Editor-FacialAnimationEditor.dll (API version 3944462).
LogModuleManager: Display: Found up-to-date module file ../../../Engine/Plugins/Editor/GameplayTagsEditor/Binaries/Win64/UE4Editor-GameplayTagsEditor.dll (API version 3944462).
LogModuleManager: Display: Found up-to-date module file ../../../Engine/Plugins/Editor/MobileLauncherProfileWizard/Binaries/Win64/UE4Editor-MobileLauncherProfileWizard.dll (API version 3944462).
LogModuleManager: Display: Found up-to-date module file ../../../Engine/Plugins/Editor/PluginBrowser/Binaries/Win64/UE4Editor-PluginBrowser.dll (API version 3944462).
LogModuleManager: Display: Found up-to-date module file ../../../Engine/Plugins/Editor/SpeedTreeImporter/Binaries/Win64/UE4Editor-SpeedTreeImporter.dll (API version 3944462).
LogModuleManager: Display: Found up-to-date module file ../../../Engine/Plugins/Enterprise/DatasmithContent/Binaries/Win64/UE4Editor-DatasmithContent.dll (API version 3944462).
LogModuleManager: Display: Found up-to-date module file ../../../Engine/Plugins/Experimental/AlembicImporter/Binaries/Win64/UE4Editor-AlembicImporter.dll (API version 3944462).
LogModuleManager: Display: Found up-to-date module file ../../../Engine/Plugins/Experimental/AlembicImporter/Binaries/Win64/UE4Editor-AlembicLibrary.dll (API version 3944462).
LogModuleManager: Display: Found up-to-date module file ../../../Engine/Plugins/Experimental/CharacterAI/Binaries/Win64/UE4Editor-CharacterAI.dll (API version 3944462).
LogModuleManager: Display: Found up-to-date module file ../../../Engine/Plugins/Experimental/HTML5Networking/Binaries/Win64/UE4Editor-HTML5Networking.dll (API version 3944462).
LogModuleManager: Display: Found up-to-date module file ../../../Engine/Plugins/Media/AndroidMedia/Binaries/Win64/UE4Editor-AndroidMediaEditor.dll (API version 3944462).
LogModuleManager: Display: Found up-to-date module file ../../../Engine/Plugins/Media/AndroidMedia/Binaries/Win64/UE4Editor-AndroidMediaFactory.dll (API version 3944462).
LogModuleManager: Display: Found up-to-date module file ../../../Engine/Plugins/Media/AvfMedia/Binaries/Win64/UE4Editor-AvfMediaEditor.dll (API version 3944462).
LogModuleManager: Display: Found up-to-date module file ../../../Engine/Plugins/Media/AvfMedia/Binaries/Win64/UE4Editor-AvfMediaFactory.dll (API version 3944462).
LogModuleManager: Display: Found up-to-date module file ../../../Engine/Plugins/Media/AvfMedia/Binaries/Win64/UE4Editor-AvfMediaFactory.dll (API version 3944462).
LogModuleManager: Display: Found up-to-date module file ../../../Engine/Plugins/Media/ImgMedia/Binaries/Win64/UE4Editor-ImgMedia.dll (API version 3944462).
LogModuleManager: Display: Found up-to-date module file ../../../Engine/Plugins/Media/ImgMedia/Binaries/Win64/UE4Editor-ImgMediaEditor.dll (API version 3944462).
LogModuleManager: Display: Found up-to-date module file ../../../Engine/Plugins/Media/ImgMedia/Binaries/Win64/UE4Editor-ImgMediaFactory.dll (API version 3944462).
LogModuleManager: Display: Found up-to-date module file ../../../Engine/Plugins/Media/ImgMedia/Binaries/Win64/UE4Editor-ImgMediaFactory.dll (API version 3944462).
LogModuleManager: Display: Found up-to-date module file ../../../Engine/Plugins/Media/ImgMedia/Binaries/Win64/UE4Editor-OpenExrWrapper.dll (API version 3944462).
LogModuleManager: Display: Found up-to-date module file ../../../Engine/Plugins/Media/LinearTimecode/Binaries/Win64/UE4Editor-LinearTimecode.dll (API version 3944462).
LogModuleManager: Display: Found up-to-date module file ../../../Engine/Plugins/Media/MediaCompositing/Binaries/Win64/UE4Editor-MediaCompositing.dll (API version 3944462).
LogModuleManager: Display: Found up-to-date module file ../../../Engine/Plugins/Media/MediaCompositing/Binaries/Win64/UE4Editor-MediaCompositingEditor.dll (API version 3944462).
LogModuleManager: Display: Found up-to-date module file ../../../Engine/Plugins/Media/MediaPlayerEditor/Binaries/Win64/UE4Editor-MediaPlayerEditor.dll (API version 3944462).
LogModuleManager: Display: Found up-to-date module file ../../../Engine/Plugins/Media/WmfMedia/Binaries/Win64/UE4Editor-WmfMedia.dll (API version 3944462).
LogModuleManager: Display: Found up-to-date module file ../../../Engine/Plugins/Media/WmfMedia/Binaries/Win64/UE4Editor-WmfMediaEditor.dll (API version 3944462).
LogModuleManager: Display: Found up-to-date module file ../../../Engine/Plugins/Media/WmfMedia/Binaries/Win64/UE4Editor-WmfMediaFactory.dll (API version 3944462).
LogModuleManager: Display: Found up-to-date module file ../../../Engine/Plugins/Media/WmfMedia/Binaries/Win64/UE4Editor-WmfMediaFactory.dll (API version 3944462).
LogModuleManager: Display: Found up-to-date module file ../../../Engine/Plugins/Messaging/TcpMessaging/Binaries/Win64/UE4Editor-TcpMessaging.dll (API version 3944462).
LogModuleManager: Display: Found up-to-date module file ../../../Engine/Plugins/Messaging/UdpMessaging/Binaries/Win64/UE4Editor-UdpMessaging.dll (API version 3944462).
LogModuleManager: Display: Found up-to-date module file ../../../Engine/Plugins/MovieScene/ActorSequence/Binaries/Win64/UE4Editor-ActorSequence.dll (API version 3944462).
LogModuleManager: Display: Found up-to-date module file ../../../Engine/Plugins/MovieScene/LevelSequenceEditor/Binaries/Win64/UE4Editor-LevelSequenceEditor.dll (API version 3944462).
LogModuleManager: Display: Found up-to-date module file ../../../Engine/Plugins/MovieScene/MatineeToLevelSequence/Binaries/Win64/UE4Editor-MatineeToLevelSequence.dll (API version 3944462).
LogModuleManager: Display: Found up-to-date module file ../../../Engine/Plugins/NetcodeUnitTest/NetcodeUnitTest/Binaries/Win64/UE4Editor-NetcodeUnitTest.dll (API version 3944462).
LogModuleManager: Display: Found up-to-date module file ../../../Engine/Plugins/NetcodeUnitTest/NUTUnrealEngine4/Binaries/Win64/UE4Editor-NUTUnrealEngine4.dll (API version 3944462).
LogModuleManager: Display: Found up-to-date module file ../../../Engine/Plugins/Online/OnlineSubsystem/Binaries/Win64/UE4Editor-OnlineSubsystem.dll (API version 3944462).
LogModuleManager: Display: Found up-to-date module file ../../../Engine/Plugins/Online/OnlineSubsystemNull/Binaries/Win64/UE4Editor-OnlineSubsystemNull.dll (API version 3944462).
LogModuleManager: Display: Found up-to-date module file ../../../Engine/Plugins/Online/OnlineSubsystemUtils/Binaries/Win64/UE4Editor-OnlineSubsystemUtils.dll (API version 3944462).
LogModuleManager: Display: Found up-to-date module file ../../../Engine/Plugins/Online/OnlineSubsystemUtils/Binaries/Win64/UE4Editor-OnlineBlueprintSupport.dll (API version 3944462).
LogModuleManager: Display: Found up-to-date module file ../../../Engine/Plugins/Runtime/AndroidDeviceProfileSelector/Binaries/Win64/UE4Editor-AndroidDeviceProfileSelector.dll (API version 3944462).
LogModuleManager: Display: Found up-to-date module file ../../../Engine/Plugins/Runtime/AndroidPermission/Binaries/Win64/UE4Editor-AndroidPermission.dll (API version 3944462).
LogModuleManager: Display: Found up-to-date module file ../../../Engine/Plugins/Runtime/AppleARKit/Binaries/Win64/UE4Editor-AppleARKit.dll (API version 3944462).
LogModuleManager: Display: Found up-to-date module file ../../../Engine/Plugins/Runtime/ArchVisCharacter/Binaries/Win64/UE4Editor-ArchVisCharacter.dll (API version 3944462).
LogModuleManager: Display: Found up-to-date module file ../../../Engine/Plugins/Runtime/AudioCapture/Binaries/Win64/UE4Editor-AudioCapture.dll (API version 3944462).
LogModuleManager: Display: Found up-to-date module file ../../../Engine/Plugins/Runtime/AudioCapture/Binaries/Win64/UE4Editor-AudioCaptureEditor.dll (API version 3944462).
LogModuleManager: Display: Found up-to-date module file ../../../Engine/Plugins/Runtime/CableComponent/Binaries/Win64/UE4Editor-CableComponent.dll (API version 3944462).
LogModuleManager: Display: Found up-to-date module file ../../../Engine/Plugins/Runtime/CustomMeshComponent/Binaries/Win64/UE4Editor-CustomMeshComponent.dll (API version 3944462).
LogModuleManager: Display: Found up-to-date module file ../../../Engine/Plugins/Runtime/ExampleDeviceProfileSelector/Binaries/Win64/UE4Editor-ExampleDeviceProfileSelector.dll (API version 3944462).
LogModuleManager: Display: Found up-to-date module file ../../../Engine/Plugins/Runtime/ImmediatePhysics/Binaries/Win64/UE4Editor-ImmediatePhysics.dll (API version 3944462).
LogModuleManager: Display: Found up-to-date module file ../../../Engine/Plugins/Runtime/ImmediatePhysics/Binaries/Win64/UE4Editor-ImmediatePhysicsEditor.dll (API version 3944462).
LogModuleManager: Display: Found up-to-date module file ../../../Engine/Plugins/Runtime/LocationServicesBPLibrary/Binaries/Win64/UE4Editor-LocationServicesBPLibrary.dll (API version 3944462).
LogModuleManager: Display: Found up-to-date module file ../../../Engine/Plugins/Runtime/MobilePatchingUtils/Binaries/Win64/UE4Editor-MobilePatchingUtils.dll (API version 3944462).
LogModuleManager: Display: Found up-to-date module file ../../../Engine/Plugins/Runtime/Oculus/OculusVR/Binaries/Win64/UE4Editor-OculusHMD.dll (API version 3944462).
LogModuleManager: Display: Found up-to-date module file ../../../Engine/Plugins/Runtime/Oculus/OculusVR/Binaries/Win64/UE4Editor-OculusInput.dll (API version 3944462).
LogModuleManager: Display: Found up-to-date module file ../../../Engine/Plugins/Runtime/Oculus/OculusVR/Binaries/Win64/UE4Editor-OculusEditor.dll (API version 3944462).
LogModuleManager: Display: Found up-to-date module file ../../../Engine/Plugins/Runtime/PhysXVehicles/Binaries/Win64/UE4Editor-PhysXVehicles.dll (API version 3944462).
LogModuleManager: Display: Found up-to-date module file ../../../Engine/Plugins/Runtime/PhysXVehicles/Binaries/Win64/UE4Editor-PhysXVehiclesEditor.dll (API version 3944462).
LogModuleManager: Display: Found up-to-date module file ../../../Engine/Plugins/Runtime/ProceduralMeshComponent/Binaries/Win64/UE4Editor-ProceduralMeshComponent.dll (API version 3944462).
LogModuleManager: Display: Found up-to-date module file ../../../Engine/Plugins/Runtime/ProceduralMeshComponent/Binaries/Win64/UE4Editor-ProceduralMeshComponentEditor.dll (API version 3944462).
LogModuleManager: Display: Found up-to-date module file ../../../Engine/Plugins/Runtime/RuntimePhysXCooking/Binaries/Win64/UE4Editor-RuntimePhysXCooking.dll (API version 3944462).
LogModuleManager: Display: Found up-to-date module file ../../../Engine/Plugins/Runtime/Steam/SteamVR/Binaries/Win64/UE4Editor-SteamVR.dll (API version 3944462).
LogModuleManager: Display: Found up-to-date module file ../../../Engine/Plugins/Runtime/Steam/SteamVR/Binaries/Win64/UE4Editor-SteamVRController.dll (API version 3944462).
LogModuleManager: Display: Found up-to-date module file ../../../Engine/Plugins/Runtime/WindowsMoviePlayer/Binaries/Win64/UE4Editor-WindowsMoviePlayer.dll (API version 3944462).
LogInit: Using libcurl 7.47.1
LogInit:  - built for x86_64-pc-win32
LogInit:  - supports SSL with OpenSSL/1.0.2g
LogInit:  - supports HTTP deflate (compression) using libz 1.2.8
LogInit:  - other features:
LogInit:      CURL_VERSION_SSL
LogInit:      CURL_VERSION_LIBZ
LogInit:      CURL_VERSION_IPV6
LogInit:      CURL_VERSION_ASYNCHDNS
LogInit:      CURL_VERSION_LARGEFILE
LogInit:      CURL_VERSION_IDN
LogInit:  CurlRequestOptions (configurable via config and command line):
LogInit:  - bVerifyPeer = false  - Libcurl will NOT verify peer certificate
LogInit:  - bUseHttpProxy = false  - Libcurl will NOT use HTTP proxy
LogInit:  - bDontReuseConnections = false  - Libcurl will reuse connections
LogInit:  - CertBundlePath = nullptr  - Libcurl will use whatever was configured at build time.
LogInit:  - MaxHostConnections = 16  - Libcurl will limit the number of connections to a host
LogInit:  - LocalHostAddr = Default
LogInit: WinSock: version 1.1 (2.2), MaxSocks=32767, MaxUdp=65467
LogInit: WinSock: I am Najeeb (192.168.1.19:0)
LogInit: Build: ++UE4+Release-4.19-CL-4033788
LogInit: Engine Version: 4.19.2-4033788+++UE4+Release-4.19
LogInit: Compatible Engine Version: 4.19.0-3944462+++UE4+Release-4.19
LogInit: Net CL: 3944462
LogDevObjectVersion: Number of dev versions registered: 18
LogDevObjectVersion:   Dev-Blueprints (B0D832E4-1F89-4F0D-ACCF-7EB736FD4AA2): 10
LogDevObjectVersion:   Dev-Build (E1C64328-A22C-4D53-A36C-8E866417BD8C): 0
LogDevObjectVersion:   Dev-Core (375EC13C-06E4-48FB-B500-84F0262A717E): 2
LogDevObjectVersion:   Dev-Editor (E4B068ED-F494-42E9-A231-DA0B2E46BB41): 23
LogDevObjectVersion:   Dev-Framework (CFFC743F-43B0-4480-9391-14DF171D2073): 33
LogDevObjectVersion:   Dev-Mobile (B02B49B5-BB20-44E9-A304-32B752E40360): 2
LogDevObjectVersion:   Dev-Networking (A4E4105C-59A1-49B5-A7C5-40C4547EDFEE): 0
LogDevObjectVersion:   Dev-Online (39C831C9-5AE6-47DC-9A44-9C173E1C8E7C): 0
LogDevObjectVersion:   Dev-Physics (78F01B33-EBEA-4F98-B9B4-84EACCB95AA2): 0
LogDevObjectVersion:   Dev-Platform (6631380F-2D4D-43E0-8009-CF276956A95A): 0
LogDevObjectVersion:   Dev-Rendering (12F88B9F-8875-4AFC-A67C-D90C383ABD29): 25
LogDevObjectVersion:   Dev-Sequencer (7B5AE74C-D270-4C10-A958-57980B212A5A): 6
LogDevObjectVersion:   Dev-VR (D7296918-1DD6-4BDD-9DE2-64A83CC13884): 1
LogDevObjectVersion:   Dev-LoadTimes (C2A15278-BFE7-4AFE-6C17-90FF531DF755): 1
LogDevObjectVersion:   Private-Geometry (6EACA3D4-40EC-4CC1-B786-8BED09428FC5): 2
LogDevObjectVersion:   Dev-AnimPhys (29E575DD-E0A3-4627-9D10-D276232CDCEA): 16
LogDevObjectVersion:   Dev-ReflectionCapture (6B266CEC-1EC7-4B8F-A30B-E4D90942FC07): 1
LogDevObjectVersion:   Dev-Automation (0DF73D61-A23F-47EA-B727-89E90C41499A): 1
LogInit: Compiled (64-bit): Apr 27 2018 02:06:57
LogInit: Compiled with Visual C++: 19.00.24215.01
LogInit: Build Configuration: Development
LogInit: Branch Name: ++UE4+Release-4.19
LogInit: Command Line: 
LogInit: Base Directory: C:/Program Files/Epic Games/UE_4.19/Engine/Binaries/Win64/
LogInit: Installed Engine Build: 1
LogStreaming: Display: Took  0.279s to delete old logs.
LogInit: Presizing for max 8388607 objects, including 0 objects not considered by GC, pre-allocating 0 bytes for permanent pool.
LogInit: Object subsystem initialized
[2019.12.25-12.49.19:030][  0]LogInit: Selected Device Profile: [Windows]
[2019.12.25-12.49.19:030][  0]LogInit: Applying CVar settings loaded from the selected device profile: [Windows]
[2019.12.25-12.49.21:579][  0]LogInit: Computer: NAJEEB
[2019.12.25-12.49.21:579][  0]LogInit: User: Najeeb
[2019.12.25-12.49.21:579][  0]LogInit: CPU Page size=4096, Cores=4
[2019.12.25-12.49.21:579][  0]LogInit: High frequency timer resolution =2.338344 MHz
[2019.12.25-12.49.21:579][  0]LogMemory: Memory total: Physical=7.7GB (8GB approx)
[2019.12.25-12.49.21:579][  0]LogMemory: Platform Memory Stats for Windows
[2019.12.25-12.49.21:579][  0]LogMemory: Process Physical Memory: 273.91 MB used, 273.91 MB peak
[2019.12.25-12.49.21:579][  0]LogMemory: Process Virtual Memory: 264.79 MB used, 264.79 MB peak
[2019.12.25-12.49.21:579][  0]LogMemory: Physical Memory: 6752.09 MB used,  1156.94 MB free, 7909.02 MB total
[2019.12.25-12.49.21:579][  0]LogMemory: Virtual Memory: 4785.81 MB used,  1156.94 MB free, 134217728.00 MB total
[2019.12.25-12.49.53:652][  0]LogInit: Using OS detected language (en-US).
[2019.12.25-12.49.53:652][  0]LogInit: Using OS detected locale (en-GB).
[2019.12.25-12.50.00:873][  0]LogTextLocalizationManager: No specific localization for 'en-US' exists, so the 'en' localization will be used.
[2019.12.25-12.50.39:667][  0]LogStreaming: Display: Took 46.789s to EndInitTextLocalization.
[2019.12.25-12.50.39:667][  0]LogInit: Setting process to per monitor DPI aware
[2019.12.25-12.50.53:296][  0]LogSlate: New Slate User Created.  User Index 0, Is Virtual User: 0
[2019.12.25-12.50.53:392][  0]LogSlate: Slate User Registered.  User Index 0, Is Virtual User: 0
[2019.12.25-12.51.39:137][  0]LogD3D11RHI: D3D11 adapters:
[2019.12.25-12.51.41:127][  0]LogD3D11RHI:    0. 'NVIDIA GeForce GTX 765M' (Feature Level 11_0)
[2019.12.25-12.51.41:127][  0]LogD3D11RHI:       2018/0/3954 MB DedicatedVideo/DedicatedSystem/SharedSystem, Outputs:1, VendorId:0x10de
[2019.12.25-12.51.41:471][  0]LogD3D11RHI:    1. 'Intel(R) HD Graphics 4600' (Feature Level 11_0)
[2019.12.25-12.51.41:471][  0]LogD3D11RHI:       112/0/2048 MB DedicatedVideo/DedicatedSystem/SharedSystem, Outputs:0, VendorId:0x8086
[2019.12.25-12.51.41:476][  0]LogD3D11RHI:    2. 'Microsoft Basic Render Driver' (Feature Level 11_0)
[2019.12.25-12.51.41:476][  0]LogD3D11RHI:       0/0/3954 MB DedicatedVideo/DedicatedSystem/SharedSystem, Outputs:0, VendorId:0x1414
[2019.12.25-12.51.41:476][  0]LogD3D11RHI: Chosen D3D11 Adapter: 0
[2019.12.25-12.51.41:700][  0]LogD3D11RHI: Creating new Direct3DDevice
[2019.12.25-12.51.41:700][  0]LogD3D11RHI:     GPU DeviceId: 0x11e1 (for the marketing name, search the web for "GPU Device Id")
[2019.12.25-12.51.41:700][  0]LogWindows: EnumDisplayDevices:
[2019.12.25-12.51.41:700][  0]LogWindows:    0. 'Intel(R) HD Graphics 4600' (P:1 D:1)
[2019.12.25-12.51.41:701][  0]LogWindows:    1. 'Intel(R) HD Graphics 4600' (P:0 D:0)
[2019.12.25-12.51.41:701][  0]LogWindows:    2. 'Intel(R) HD Graphics 4600' (P:0 D:0)
[2019.12.25-12.51.41:702][  0]LogWindows:    3. 'NVIDIA GeForce GTX 765M' (P:0 D:0)
[2019.12.25-12.51.41:799][  0]LogWindows:    4. 'NVIDIA GeForce GTX 765M' (P:0 D:0)
[2019.12.25-12.51.41:800][  0]LogWindows:    5. 'NVIDIA GeForce GTX 765M' (P:0 D:0)
[2019.12.25-12.51.41:800][  0]LogWindows:    6. 'NVIDIA GeForce GTX 765M' (P:0 D:0)
[2019.12.25-12.51.41:800][  0]LogWindows: DebugString: GetVideoDriverDetailsInvalid PrimaryIsNotTheChoosenAdapter GetVideoDriverDetailsInvalid PrimaryIsNotTheChoosenAdapter GetVideoDriverDetailsInvalid PrimaryIsNotTheChoosenAdapter GetVideoDriverDetailsInvalid PrimaryIsNotTheChoosenAdapter GetVideoDriverDetailsInvalid PrimaryIsNotTheChoosenAdapter GetVideoDriverDetailsInvalid PrimaryIsNotTheChoosenAdapter GetVideoDriverDetailsInvalid PrimaryIsNotTheChoosenAdapter FoundDriverCount:0 
[2019.12.25-12.51.41:800][  0]LogD3D11RHI:     Adapter Name: NVIDIA GeForce GTX 765M
[2019.12.25-12.51.41:800][  0]LogD3D11RHI:   Driver Version: Unknown (internal:Unknown, unified:Unknown)
[2019.12.25-12.51.41:800][  0]LogD3D11RHI:      Driver Date: Unknown
[2019.12.25-12.51.41:800][  0]LogRHI: Texture pool is 1413 MB (70% of 2018 MB)
[2019.12.25-12.51.42:927][  0]LogD3D11RHI: [Aftermath] Aftermath enabled and primed
[2019.12.25-12.51.42:927][  0]LogD3D11RHI: [Aftermath] Aftermath enabled and primed
[2019.12.25-12.51.42:994][  0]LogD3D11RHI: Async texture creation enabled
[2019.12.25-12.51.44:857][  0]LogD3D11RHI: GPU Timing Frequency: 1000.000000 (Debug: 2 14)
[2019.12.25-12.51.45:359][  0]LogShaderCompilers: Guid format shader working directory is 0 characters bigger than the processId version (G:/GitHub/Unreal_BuildingEscape/BuildingEscape/Intermediate/Shaders/WorkingDirectory/19956/).
[2019.12.25-12.51.45:454][  0]LogShaderCompilers: Cleaned the shader compiler working directory 'C:/Users/Najeeb/AppData/Local/Temp/UnrealShaderWorkingDir/FE2511C04379913790006DB458BF7934/'.
[2019.12.25-12.52.27:531][  0]LogTemp: Display: Loaded TP AllDesktopTargetPlatform
[2019.12.25-12.52.27:719][  0]LogTemp: Display: Loaded TP MacClientTargetPlatform
[2019.12.25-12.52.27:793][  0]LogTemp: Display: Loaded TP MacNoEditorTargetPlatform
[2019.12.25-12.52.27:892][  0]LogTemp: Display: Loaded TP MacServerTargetPlatform
[2019.12.25-12.52.28:481][  0]LogTemp: Display: Loaded TP MacTargetPlatform
[2019.12.25-12.52.28:754][  0]LogTemp: Display: Loaded TP WindowsClientTargetPlatform
[2019.12.25-12.52.28:963][  0]LogTemp: Display: Loaded TP WindowsNoEditorTargetPlatform
[2019.12.25-12.52.29:162][  0]LogTemp: Display: Loaded TP WindowsServerTargetPlatform
[2019.12.25-12.52.29:381][  0]LogTemp: Display: Loaded TP WindowsTargetPlatform
[2019.12.25-12.52.29:661][  0]LogTemp: Display: Loaded TP Android_ASTCTargetPlatform
[2019.12.25-12.52.29:860][  0]LogTemp: Display: Loaded TP Android_ATCTargetPlatform
[2019.12.25-12.52.30:123][  0]LogTemp: Display: Loaded TP Android_DXTTargetPlatform
[2019.12.25-12.52.30:400][  0]LogTemp: Display: Loaded TP Android_ETC1aTargetPlatform
[2019.12.25-12.52.30:650][  0]LogTemp: Display: Loaded TP Android_ETC1TargetPlatform
[2019.12.25-12.52.30:873][  0]LogTemp: Display: Loaded TP Android_ETC2TargetPlatform
[2019.12.25-12.52.31:392][  0]LogTemp: Display: Loaded TP Android_MultiTargetPlatform
[2019.12.25-12.52.31:392][  0]LogTemp: Display: Loaded TP Android_PVRTCTargetPlatform
[2019.12.25-12.52.31:593][  0]LogTemp: Display: Loaded TP AndroidTargetPlatform
[2019.12.25-12.52.31:935][  0]LogTemp: Display: Loaded TP HTML5TargetPlatform
[2019.12.25-12.52.32:954][  0]LogTemp: Display: Loaded TP IOSTargetPlatform
[2019.12.25-12.52.33:048][  0]LogTemp: Display: Loaded TP TVOSTargetPlatform
[2019.12.25-12.52.33:231][  0]LogTemp: Display: Loaded TP LinuxClientTargetPlatform
[2019.12.25-12.52.33:409][  0]LogTemp: Display: Loaded TP LinuxNoEditorTargetPlatform
[2019.12.25-12.52.33:610][  0]LogTemp: Display: Loaded TP LinuxServerTargetPlatform
[2019.12.25-12.52.34:064][  0]LogTemp: Display: Loaded TP LinuxTargetPlatform
[2019.12.25-12.52.34:064][  0]LogTargetPlatformManager: Display: Building Assets For Windows
[2019.12.25-12.52.47:793][  0]LogXGEController: Cannot use XGE Controller as Incredibuild is not installed on this machine.
[2019.12.25-12.52.47:793][  0]LogShaderCompilers: Cannot use XGE Shader Compiler as Incredibuild is not installed on this machine.
[2019.12.25-12.52.47:793][  0]LogShaderCompilers: Display: Using Local Shader Compiler.
[2019.12.25-12.53.26:981][  0]LogDerivedDataCache: Display: Max Cache Size: 512 MB
[2019.12.25-12.54.12:195][  0]LogDerivedDataCache: Loaded boot cache 45.04s 74MB C:/Users/Najeeb/AppData/Local/UnrealEngine/4.19/DerivedDataCache/Boot.ddc.
[2019.12.25-12.54.12:195][  0]LogDerivedDataCache: Display: Loaded Boot cache: C:/Users/Najeeb/AppData/Local/UnrealEngine/4.19/DerivedDataCache/Boot.ddc
[2019.12.25-12.54.12:195][  0]LogDerivedDataCache: FDerivedDataBackendGraph:  Pak pak cache file G:/GitHub/Unreal_BuildingEscape/BuildingEscape/DerivedDataCache/DDC.ddp not found, will not use a pak cache.
[2019.12.25-12.54.12:195][  0]LogDerivedDataCache: Unable to find inner node Pak for hierarchical cache Hierarchy.
[2019.12.25-12.54.12:195][  0]LogDerivedDataCache: FDerivedDataBackendGraph:  CompressedPak pak cache file G:/GitHub/Unreal_BuildingEscape/BuildingEscape/DerivedDataCache/Compressed.ddp not found, will not use a pak cache.
[2019.12.25-12.54.12:195][  0]LogDerivedDataCache: Unable to find inner node CompressedPak for hierarchical cache Hierarchy.
[2019.12.25-12.54.13:352][  0]LogDerivedDataCache: Display: Pak cache opened for reading ../../../Engine/DerivedDataCache/Compressed.ddp.
[2019.12.25-12.54.13:550][  0]LogDerivedDataCache: Using Local data cache path C:/Users/Najeeb/AppData/Local/UnrealEngine/Common/DerivedDataCache: Writable
[2019.12.25-12.54.13:550][  0]LogDerivedDataCache: Shared data cache path not found in *engine.ini, will not use an Shared cache.
[2019.12.25-12.54.13:550][  0]LogDerivedDataCache: Unable to find inner node Shared for hierarchical cache Hierarchy.
[2019.12.25-12.54.14:086][  0]LogMaterial: Verifying Global Shaders for PCD3D_SM5
[2019.12.25-12.54.14:513][  0]LogSlate: Using Freetype 2.6.0
[2019.12.25-12.54.15:173][  0]LogSlate: SlateFontCache - WITH_FREETYPE: 1, WITH_HARFBUZZ: 1
[2019.12.25-12.54.15:173][  0]LogSlate: SlateFontCache - WITH_FREETYPE: 1, WITH_HARFBUZZ: 1
[2019.12.25-12.55.40:714][  0]LogAssetRegistry: FAssetRegistry took 0.2421 seconds to start up
[2019.12.25-12.56.23:297][  0]LogInit: Selected Device Profile: [Windows]
[2019.12.25-12.56.47:707][  0]LogSimplygon: Simplygon DLL not present - disabling.
[2019.12.25-12.56.48:274][  0]LogMeshReduction: Using SimplygonSwarm for distributed automatic mesh merging
[2019.12.25-12.56.48:555][  0]LogMeshReduction: Using QuadricMeshReduction for automatic static mesh reduction
[2019.12.25-12.56.48:630][  0]LogMeshReduction: No automatic skeletal mesh reduction module available
[2019.12.25-12.56.48:630][  0]LogMeshReduction: No automatic mesh merging module available
[2019.12.25-12.56.48:630][  0]LogMeshMerging: No automatic mesh merging module available
[2019.12.25-12.56.55:915][  0]LogNetVersion: BuildingEscape , NetCL: 3944462, EngineNetVer: 2, GameNetVer: 0 (Checksum: 4285820645)
[2019.12.25-12.58.03:476][  0]LogPackageLocalizationCache: Processed 9 localized package path(s) for 2 prioritized culture(s) in 1.215281 seconds
[2019.12.25-12.58.03:503][  0]LogUObjectArray: 36728 objects as part of root set at end of initial load.
[2019.12.25-12.58.03:503][  0]LogUObjectAllocator: 7314312 out of 0 bytes used by permanent object pool.
[2019.12.25-12.58.03:503][  0]LogUObjectArray: CloseDisregardForGC: 0/0 objects in disregard for GC pool
[2019.12.25-13.02.19:497][  0]LogTcpMessaging: Initializing TcpMessaging bridge
[2019.12.25-13.02.19:759][  0]LogUdpMessaging: Initializing bridge on interface 0.0.0.0:0 to multicast group 230.0.0.1:6666.
[2019.12.25-13.02.31:409][  0]SourceControl: Source control is disabled
[2019.12.25-13.02.31:447][  0]SourceControl: Source control is disabled
[2019.12.25-13.02.32:649][  0]SourceControl: Source control is disabled
[2019.12.25-13.02.33:066][  0]SourceControl: Source control is disabled
[2019.12.25-13.02.46:500][  0]LogAndroidPermission: UAndroidPermissionCallbackProxy::GetInstance
[2019.12.25-13.02.50:067][  0]LogOcInput: OculusInput pre-init called
[2019.12.25-13.02.56:850][  0]LogAutomationTest: Warning: Smoke tests took > 2s to run: 2.48s
[2019.12.25-13.02.57:073][  0]LogEngine: Initializing Engine...
[2019.12.25-13.02.57:907][  0]LogHMD: Failed to initialize OpenVR with code 110
[2019.12.25-13.02.58:162][  0]LogStats: UGameplayTagsManager::ConstructGameplayTagTree: Construct from data asset -  0.000 s
[2019.12.25-13.02.58:265][  0]LogStats: UGameplayTagsManager::ConstructGameplayTagTree: GameplayTagTreeChangedEvent.Broadcast -  0.038 s
[2019.12.25-13.03.12:123][  0]LogAIModule: Creating AISystem for world Untitled
[2019.12.25-13.03.15:127][  0]LogInit: XAudio2 using 'Speakers / Headphones (Realtek High Definition Audio)' : 2 channels at 48 kHz using 32 bits per sample (channel mask 0x3)
[2019.12.25-13.03.15:345][  0]LogInit: FAudioDevice initialized.
[2019.12.25-13.03.15:656][  0]LogDerivedDataCache: Error: Could not save memory cache C:/Users/Najeeb/AppData/Local/UnrealEngine/4.19/DerivedDataCache/Boot.ddc.
[2019.12.25-13.03.15:685][  0]LogInit: Texture streaming: Enabled
[2019.12.25-13.03.17:505][  0]LogEngineSessionManager: EngineSessionManager initialized
[2019.12.25-13.03.21:827][  0]LogInit: Transaction tracking system initialized
[2019.12.25-13.03.30:162][  0]BlueprintLog: New page: Editor Load
[2019.12.25-13.03.46:692][  0]LocalizationService: Localization service is disabled
[2019.12.25-13.03.56:477][  0]LogConsoleResponse: Display: 
[2019.12.25-13.04.12:027][  0]LogCook: Display: Max memory allowance for cook 16384mb min free memory 0mb
[2019.12.25-13.04.12:027][  0]LogCook: Display: Mobile HDR setting 1
[2019.12.25-13.04.12:027][  0]LogGameplayTags: Display: UGameplayTagsManager::DoneAddingNativeTags. DelegateIsBound: 0
[2019.12.25-13.04.12:027][  0]LogStats: UGameplayTagsManager::ConstructGameplayTagTree: Construct from data asset -  0.000 s
[2019.12.25-13.04.12:027][  0]LogStats: UGameplayTagsManager::ConstructGameplayTagTree: GameplayTagTreeChangedEvent.Broadcast -  0.000 s
[2019.12.25-13.04.13:249][  0]LogFileCache: Scanning file cache for directory 'G:/GitHub/Unreal_BuildingEscape/BuildingEscape/Content/' took 0.17s
[2019.12.25-13.04.46:904][  0]SourceControl: Source control is disabled
[2019.12.25-13.04.47:346][  0]Cmd: MAP LOAD FILE="G:/GitHub/Unreal_BuildingEscape/BuildingEscape/Content/NewMap.umap" TEMPLATE=0 SHOWPROGRESS=1 FEATURELEVEL=3
[2019.12.25-13.04.48:031][  0]LightingResults: New page: Lighting Build
[2019.12.25-13.04.49:828][  0]MapCheck: New page: Map Check
[2019.12.25-13.04.49:829][  0]LightingResults: New page: Lighting Build
[2019.12.25-13.05.11:199][  0]LogAIModule: Creating AISystem for world NewMap
[2019.12.25-13.05.11:687][  0]LogEditorServer: Finished looking for orphan Actors (0.000 secs)
[2019.12.25-13.05.12:147][  0]Cmd: MAP CHECKDEP NOCLEARLOG
[2019.12.25-13.05.12:285][  0]MapCheck: Map check complete: 0 Error(s), 0 Warning(s), took 138.778ms to complete.
[2019.12.25-13.05.12:285][  0]LogFileHelpers: Loading map 'NewMap' took 25.113
[2019.12.25-13.05.19:604][  0]LogCollectionManager: Loaded 0 collections in 0.004654 seconds
[2019.12.25-13.05.25:223][  0]LogFileCache: Scanning file cache for directory 'G:/GitHub/Unreal_BuildingEscape/BuildingEscape/Saved/Collections/' took 0.01s
[2019.12.25-13.05.25:224][  0]LogFileCache: Scanning file cache for directory 'G:/GitHub/Unreal_BuildingEscape/BuildingEscape/Content/Developers/Najeeb/Collections/' took 0.01s
[2019.12.25-13.05.25:224][  0]LogFileCache: Scanning file cache for directory 'G:/GitHub/Unreal_BuildingEscape/BuildingEscape/Content/Collections/' took 0.01s
[2019.12.25-13.05.25:224][  0]LogCollectionManager: Rebuilt the GUID cache for 0 collections in 0.000000 seconds
[2019.12.25-13.05.25:748][  0]LogContentBrowser: Native class hierarchy populated in 0.0975 seconds. Added 2456 classes and 560 folders.
[2019.12.25-13.05.26:780][  0]LogContentBrowser: Native class hierarchy updated for 'WidgetCarousel' in 0.0018 seconds. Added 0 classes and 0 folders.
[2019.12.25-13.05.39:778][  0]LogContentBrowser: Native class hierarchy updated for 'AddContentDialog' in 0.0019 seconds. Added 0 classes and 0 folders.
[2019.12.25-13.05.41:520][  0]LogContentBrowser: Native class hierarchy updated for 'SceneOutliner' in 0.0019 seconds. Added 1 classes and 2 folders.
[2019.12.25-13.05.56:564][  0]LogSlate: Took 0.000404 seconds to synchronously load lazily loaded font '../../../Engine/Content/Slate/Fonts/Roboto-Regular.ttf' (155K)
[2019.12.25-13.05.56:815][  0]LogSlate: Took 0.000483 seconds to synchronously load lazily loaded font '../../../Engine/Content/Slate/Fonts/Roboto-Bold.ttf' (160K)
[2019.12.25-13.05.57:175][  0]LogSlate: Took 0.172602 seconds to synchronously load lazily loaded font '../../../Engine/Content/Editor/Slate/Fonts/FontAwesome.ttf' (139K)
[2019.12.25-13.05.57:367][  0]LogSlate: Took 0.173900 seconds to synchronously load lazily loaded font '../../../Engine/Content/Slate/Fonts/DroidSansMono.ttf' (77K)
[2019.12.25-13.06.00:382][  0]LogRenderer: Reallocating scene render targets to support 1152x524 Format 10 NumSamples 1 (Frame:1).
[2019.12.25-13.06.12:427][  0]LogContentBrowser: Native class hierarchy updated for 'HierarchicalLODOutliner' in 0.0018 seconds. Added 0 classes and 0 folders.
[2019.12.25-13.06.12:427][  0]LogLoad: (Engine Initialization) Total time: 1297.08 seconds
[2019.12.25-13.06.12:427][  0]LogLoad: (Engine Initialization) Total Blueprint compile time: 0.00 seconds
[2019.12.25-13.06.13:014][  0]LogContentStreaming: Texture pool size now 1000 MB
[2019.12.25-13.06.13:783][  2]LogAssetRegistry: Asset discovery search completed in 633.1554 seconds
[2019.12.25-13.06.13:786][  2]LogCollectionManager: Rebuilt the object cache for 0 collections in 0.000000 seconds (found 0 objects)
[2019.12.25-13.06.13:786][  2]LogCollectionManager: Fixed up redirectors for 0 collections in 0.000459 seconds (updated 0 objects)
[2019.12.25-13.06.14:304][  4]LogWindowsTextInputMethodSystem: Display: IME system now deactivated.
[2019.12.25-13.06.14:304][  4]LogWindowsTextInputMethodSystem: Display: IME system now deactivated.
[2019.12.25-13.06.15:676][ 75]LogSlate: FSceneViewport::OnFocusLost() reason 0
[2019.12.25-13.06.16:426][ 87]LogSlate: Window 'BuildingEscape - Unreal Editor' being destroyed
[2019.12.25-13.06.16:428][ 87]LogWindowsTextInputMethodSystem: Display: IME system now deactivated.
[2019.12.25-13.06.24:532][ 88]Cmd: QUIT_EDITOR
[2019.12.25-13.06.24:574][ 88]LogSlate: Slate User Destroyed.  User Index 0, Is Virtual User: 0
[2019.12.25-13.06.24:575][ 88]LogExit: Preparing to exit.
[2019.12.25-13.06.25:126][ 88]LogExit: Editor shut down
[2019.12.25-13.06.25:130][ 88]LogExit: Transaction tracking system shut down
[2019.12.25-13.06.25:350][ 88]LogDirectoryWatcher: A directory notification for '../../../Engine/Content/' was aborted.
[2019.12.25-13.06.25:351][ 88]LogDirectoryWatcher: A directory notification for 'G:/GitHub/Unreal_BuildingEscape/BuildingEscape/Content/' was aborted.
[2019.12.25-13.06.25:351][ 88]LogDirectoryWatcher: A directory notification for '../../Plugins/2D/Paper2D/Content/' was aborted.
[2019.12.25-13.06.25:351][ 88]LogDirectoryWatcher: A directory notification for '../../Plugins/Enterprise/DatasmithContent/Content/' was aborted.
[2019.12.25-13.06.25:351][ 88]LogDirectoryWatcher: A directory notification for '../../Plugins/Media/MediaCompositing/Content/' was aborted.
[2019.12.25-13.06.25:351][ 88]LogDirectoryWatcher: A directory notification for '../../Plugins/Runtime/AppleARKit/Content/' was aborted.
[2019.12.25-13.06.25:351][ 88]LogDirectoryWatcher: A directory notification for '../../Plugins/Runtime/Oculus/OculusVR/Content/' was aborted.
[2019.12.25-13.06.25:351][ 88]LogDirectoryWatcher: A directory notification for '../../Plugins/Runtime/Steam/SteamVR/Content/' was aborted.
[2019.12.25-13.06.25:419][ 88]LogExit: Object subsystem successfully closed.
[2019.12.25-13.06.25:483][ 88]LogShaderCompilers: Display: Shaders left to compile 0
[2019.12.25-13.06.25:487][ 88]LogD3D11RHI: Shutdown
[2019.12.25-13.06.25:487][ 88]LogD3D11RHI: CleanupD3DDevice
[2019.12.25-13.06.25:500][ 88]LogD3D11RHI: ~FD3D11DynamicRHI
[2019.12.25-13.06.25:538][ 88]LogModuleManager: Shutting down and abandoning module HierarchicalLODOutliner (576)
[2019.12.25-13.06.25:538][ 88]LogModuleManager: Shutting down and abandoning module DesktopPlatform (574)
[2019.12.25-13.06.25:538][ 88]LogModuleManager: Shutting down and abandoning module SceneOutliner (572)
[2019.12.25-13.06.25:624][ 88]LogModuleManager: Shutting down and abandoning module AddContentDialog (570)
[2019.12.25-13.06.25:624][ 88]LogDirectoryWatcher: A directory notification for 'C:/Program Files/Epic Games/UE_4.19/FeaturePacks/' was aborted.
[2019.12.25-13.06.25:625][ 88]LogModuleManager: Shutting down and abandoning module WidgetCarousel (569)
[2019.12.25-13.06.25:625][ 88]LogModuleManager: Shutting down and abandoning module EditorWidgets (566)
[2019.12.25-13.06.25:625][ 88]LogModuleManager: Shutting down and abandoning module CollectionManager (564)
[2019.12.25-13.06.25:625][ 88]LogDirectoryWatcher: A directory notification for 'G:/GitHub/Unreal_BuildingEscape/BuildingEscape/Content/Collections/' was aborted.
[2019.12.25-13.06.25:625][ 88]LogDirectoryWatcher: A directory notification for 'G:/GitHub/Unreal_BuildingEscape/BuildingEscape/Content/Developers/Najeeb/Collections/' was aborted.
[2019.12.25-13.06.25:625][ 88]LogDirectoryWatcher: A directory notification for 'G:/GitHub/Unreal_BuildingEscape/BuildingEscape/Saved/Collections/' was aborted.
[2019.12.25-13.06.25:626][ 88]LogModuleManager: Shutting down and abandoning module StatsViewer (562)
[2019.12.25-13.06.25:626][ 88]LogModuleManager: Shutting down and abandoning module FoliageEdit (560)
[2019.12.25-13.06.25:626][ 88]LogModuleManager: Shutting down and abandoning module LandscapeEditor (558)
[2019.12.25-13.06.25:626][ 88]LogModuleManager: Shutting down and abandoning module MeshPaintMode (556)
[2019.12.25-13.06.25:626][ 88]LogModuleManager: Shutting down and abandoning module SceneDepthPickerMode (554)
[2019.12.25-13.06.25:626][ 88]LogModuleManager: Shutting down and abandoning module ActorPickerMode (552)
[2019.12.25-13.06.25:626][ 88]LogModuleManager: Shutting down and abandoning module GeometryMode (550)
[2019.12.25-13.06.25:626][ 88]LogModuleManager: Shutting down and abandoning module TextureAlignMode (548)
[2019.12.25-13.06.25:626][ 88]LogModuleManager: Shutting down and abandoning module BspMode (546)
[2019.12.25-13.06.25:626][ 88]LogModuleManager: Shutting down and abandoning module PIEPreviewDeviceProfileSelector (544)
[2019.12.25-13.06.25:626][ 88]LogModuleManager: Shutting down and abandoning module HardwareSurvey (542)
[2019.12.25-13.06.25:626][ 88]LogModuleManager: Shutting down and abandoning module SequenceRecorderSections (540)
[2019.12.25-13.06.25:626][ 88]LogModuleManager: Shutting down and abandoning module AutomationWorker (538)
[2019.12.25-13.06.25:626][ 88]LogModuleManager: Shutting down and abandoning module AudioCaptureEditor (536)
[2019.12.25-13.06.25:626][ 88]LogModuleManager: Shutting down and abandoning module SequenceRecorder (535)
[2019.12.25-13.06.25:626][ 88]LogModuleManager: Shutting down and abandoning module MatineeToLevelSequence (532)
[2019.12.25-13.06.25:626][ 88]LogModuleManager: Shutting down and abandoning module LevelSequenceEditor (530)
[2019.12.25-13.06.25:626][ 88]LogModuleManager: Shutting down and abandoning module PlacementMode (529)
[2019.12.25-13.06.25:626][ 88]LogModuleManager: Shutting down and abandoning module MaterialEditor (528)
[2019.12.25-13.06.25:626][ 88]LogModuleManager: Shutting down and abandoning module WmfMediaFactory (524)
[2019.12.25-13.06.25:626][ 88]LogModuleManager: Shutting down and abandoning module WmfMediaEditor (522)
[2019.12.25-13.06.25:626][ 88]LogModuleManager: Shutting down and abandoning module MediaPlayerEditor (520)
[2019.12.25-13.06.25:626][ 88]LogModuleManager: Shutting down and abandoning module OpenExrWrapper (518)
[2019.12.25-13.06.25:626][ 88]LogModuleManager: Shutting down and abandoning module ImgMediaFactory (516)
[2019.12.25-13.06.25:626][ 88]LogModuleManager: Shutting down and abandoning module ImgMediaEditor (514)
[2019.12.25-13.06.25:626][ 88]LogModuleManager: Shutting down and abandoning module AvfMediaFactory (512)
[2019.12.25-13.06.25:626][ 88]LogModuleManager: Shutting down and abandoning module AvfMediaEditor (510)
[2019.12.25-13.06.25:626][ 88]LogModuleManager: Shutting down and abandoning module AndroidMediaFactory (508)
[2019.12.25-13.06.25:627][ 88]LogModuleManager: Shutting down and abandoning module AndroidMediaEditor (506)
[2019.12.25-13.06.25:627][ 88]LogModuleManager: Shutting down and abandoning module CharacterAI (504)
[2019.12.25-13.06.25:627][ 88]LogModuleManager: Shutting down and abandoning module SmartSnapping (502)
[2019.12.25-13.06.25:627][ 88]LogModuleManager: Shutting down and abandoning module SessionServices (500)
[2019.12.25-13.06.25:627][ 88]LogModuleManager: Shutting down and abandoning module ViewportSnapping (498)
[2019.12.25-13.06.25:627][ 88]LogModuleManager: Shutting down and abandoning module ViewportInteraction (496)
[2019.12.25-13.06.25:627][ 88]LogModuleManager: Shutting down and abandoning module ClothPainter (494)
[2019.12.25-13.06.25:627][ 88]LogModuleManager: Shutting down and abandoning module SkeletalMeshEditor (493)
[2019.12.25-13.06.25:627][ 88]LogModuleManager: Shutting down and abandoning module LogVisualizer (490)
[2019.12.25-13.06.25:627][ 88]LogModuleManager: Shutting down and abandoning module IntroTutorials (488)
[2019.12.25-13.06.25:627][ 88]LogModuleManager: Shutting down and abandoning module GameProjectGeneration (487)
[2019.12.25-13.06.25:627][ 88]LogModuleManager: Shutting down and abandoning module IOSPlatformEditor (484)
[2019.12.25-13.06.25:627][ 88]LogModuleManager: Shutting down and abandoning module HTML5PlatformEditor (482)
[2019.12.25-13.06.25:627][ 88]LogModuleManager: Shutting down and abandoning module AndroidPlatformEditor (480)
[2019.12.25-13.06.25:627][ 88]LogModuleManager: Shutting down and abandoning module AndroidDeviceDetection (479)
[2019.12.25-13.06.26:280][ 88]LogModuleManager: Shutting down and abandoning module WindowsPlatformEditor (476)
[2019.12.25-13.06.26:280][ 88]LogModuleManager: Shutting down and abandoning module IOSRuntimeSettings (474)
[2019.12.25-13.06.26:280][ 88]LogModuleManager: Shutting down and abandoning module AndroidRuntimeSettings (472)
[2019.12.25-13.06.26:280][ 88]LogModuleManager: Shutting down and abandoning module InputBindingEditor (470)
[2019.12.25-13.06.26:280][ 88]LogModuleManager: Shutting down and abandoning module MergeActors (468)
[2019.12.25-13.06.26:280][ 88]LogModuleManager: Shutting down and abandoning module LocalizationDashboard (466)
[2019.12.25-13.06.26:280][ 88]LogModuleManager: Shutting down and abandoning module LocalizationService (465)
[2019.12.25-13.06.26:280][ 88]LogModuleManager: Shutting down and abandoning module HardwareTargeting (462)
[2019.12.25-13.06.26:280][ 88]LogModuleManager: Shutting down and abandoning module DeviceProfileEditor (460)
[2019.12.25-13.06.26:281][ 88]LogModuleManager: Shutting down and abandoning module UndoHistory (458)
[2019.12.25-13.06.26:281][ 88]LogModuleManager: Shutting down and abandoning module XmlParser (456)
[2019.12.25-13.06.26:281][ 88]LogModuleManager: Shutting down and abandoning module Blutility (454)
[2019.12.25-13.06.26:281][ 88]LogModuleManager: Shutting down and abandoning module ProjectSettingsViewer (452)
[2019.12.25-13.06.26:281][ 88]LogModuleManager: Shutting down and abandoning module ProjectTargetPlatformEditor (451)
[2019.12.25-13.06.26:281][ 88]LogModuleManager: Shutting down and abandoning module EditorSettingsViewer (448)
[2019.12.25-13.06.26:281][ 88]LogModuleManager: Shutting down and abandoning module SettingsEditor (446)
[2019.12.25-13.06.26:281][ 88]LogModuleManager: Shutting down and abandoning module ProjectLauncher (444)
[2019.12.25-13.06.26:281][ 88]LogModuleManager: Shutting down and abandoning module SessionFrontend (442)
[2019.12.25-13.06.26:281][ 88]LogModuleManager: Shutting down and abandoning module ProfilerClient (440)
[2019.12.25-13.06.26:281][ 88]LogModuleManager: Shutting down and abandoning module DeviceManager (438)
[2019.12.25-13.06.26:281][ 88]LogModuleManager: Shutting down and abandoning module TargetDeviceServices (437)
[2019.12.25-13.06.26:335][ 88]LogModuleManager: Shutting down and abandoning module AutomationController (434)
[2019.12.25-13.06.26:335][ 88]LogModuleManager: Shutting down and abandoning module AutomationWindow (432)
[2019.12.25-13.06.26:335][ 88]LogModuleManager: Shutting down and abandoning module Layers (430)
[2019.12.25-13.06.26:335][ 88]LogModuleManager: Shutting down and abandoning module ComponentVisualizers (428)
[2019.12.25-13.06.26:335][ 88]LogModuleManager: Shutting down and abandoning module DetailCustomizations (426)
[2019.12.25-13.06.26:335][ 88]LogModuleManager: Shutting down and abandoning module PackagesDialog (424)
[2019.12.25-13.06.26:335][ 88]LogModuleManager: Shutting down and abandoning module Persona (422)
[2019.12.25-13.06.26:335][ 88]LogModuleManager: Shutting down and abandoning module AdvancedPreviewScene (421)
[2019.12.25-13.06.26:335][ 88]LogModuleManager: Shutting down and abandoning module AnimGraph (419)
[2019.12.25-13.06.26:335][ 88]LogModuleManager: Shutting down and abandoning module Kismet (416)
[2019.12.25-13.06.26:335][ 88]LogModuleManager: Shutting down and abandoning module GraphEditor (414)
[2019.12.25-13.06.26:335][ 88]LogModuleManager: Shutting down and abandoning module ClassViewer (412)
[2019.12.25-13.06.26:337][ 88]LogModuleManager: Shutting down and abandoning module Toolbox (410)
[2019.12.25-13.06.26:337][ 88]LogModuleManager: Shutting down and abandoning module ModuleUI (408)
[2019.12.25-13.06.26:337][ 88]LogModuleManager: Shutting down and abandoning module MovieSceneTools (406)
[2019.12.25-13.06.26:337][ 88]LogModuleManager: Shutting down and abandoning module OutputLog (404)
[2019.12.25-13.06.26:337][ 88]LogModuleManager: Shutting down and abandoning module GammaUI (402)
[2019.12.25-13.06.26:337][ 88]LogModuleManager: Shutting down and abandoning module Documentation (400)
[2019.12.25-13.06.26:337][ 88]LogModuleManager: Shutting down and abandoning module MovieSceneTracks (398)
[2019.12.25-13.06.26:337][ 88]LogModuleManager: Shutting down and abandoning module MovieScene (396)
[2019.12.25-13.06.26:337][ 88]LogModuleManager: Shutting down and abandoning module StreamingPauseRendering (394)
[2019.12.25-13.06.26:337][ 88]LogModuleManager: Shutting down and abandoning module LauncherPlatform (392)
[2019.12.25-13.06.26:337][ 88]LogModuleManager: Shutting down and abandoning module AnalyticsET (390)
[2019.12.25-13.06.26:337][ 88]LogModuleManager: Shutting down and abandoning module PortalServices (388)
[2019.12.25-13.06.26:337][ 88]LogModuleManager: Shutting down and abandoning module PortalRpc (386)
[2019.12.25-13.06.26:337][ 88]LogModuleManager: Shutting down and abandoning module MessagingRpc (384)
[2019.12.25-13.06.26:337][ 88]LogModuleManager: Shutting down and abandoning module AIModule (382)
[2019.12.25-13.06.26:337][ 88]LogModuleManager: Shutting down and abandoning module GameplayDebugger (381)
[2019.12.25-13.06.26:337][ 88]LogModuleManager: Shutting down and abandoning module AITestSuite (379)
[2019.12.25-13.06.26:337][ 88]LogModuleManager: Shutting down and abandoning module ProfilerService (376)
[2019.12.25-13.06.26:505][ 88]LogModuleManager: Shutting down and abandoning module TaskGraph (374)
[2019.12.25-13.06.26:505][ 88]LogModuleManager: Shutting down and abandoning module SteamVRController (372)
[2019.12.25-13.06.26:505][ 88]LogModuleManager: Shutting down and abandoning module ProceduralMeshComponentEditor (370)
[2019.12.25-13.06.26:505][ 88]LogModuleManager: Shutting down and abandoning module ProceduralMeshComponent (368)
[2019.12.25-13.06.26:505][ 88]LogModuleManager: Shutting down and abandoning module OculusInput (366)
[2019.12.25-13.06.26:505][ 88]LogModuleManager: Shutting down and abandoning module MobilePatchingUtils (364)
[2019.12.25-13.06.26:505][ 88]LogModuleManager: Shutting down and abandoning module CustomMeshComponent (362)
[2019.12.25-13.06.26:505][ 88]LogModuleManager: Shutting down and abandoning module CableComponent (360)
[2019.12.25-13.06.26:505][ 88]LogModuleManager: Shutting down and abandoning module AudioCapture (358)
[2019.12.25-13.06.26:506][ 88]LogModuleManager: Shutting down and abandoning module ArchVisCharacter (356)
[2019.12.25-13.06.26:506][ 88]LogModuleManager: Shutting down and abandoning module AndroidPermission (354)
[2019.12.25-13.06.26:506][ 88]LogModuleManager: Shutting down and abandoning module NUTUnrealEngine4 (350)
[2019.12.25-13.06.26:506][ 88]LogModuleManager: Shutting down and abandoning module NetcodeUnitTest (348)
[2019.12.25-13.06.26:506][ 88]LogModuleManager: Shutting down and abandoning module MediaCompositingEditor (346)
[2019.12.25-13.06.26:506][ 88]LogModuleManager: Shutting down and abandoning module MediaCompositing (344)
[2019.12.25-13.06.26:506][ 88]LogModuleManager: Shutting down and abandoning module LinearTimecode (342)
[2019.12.25-13.06.26:506][ 88]LogModuleManager: Shutting down and abandoning module ImgMedia (340)
[2019.12.25-13.06.26:509][ 88]LogModuleManager: Shutting down and abandoning module HTML5Networking (338)
[2019.12.25-13.06.26:509][ 88]LogModuleManager: Shutting down and abandoning module AlembicImporter (336)
[2019.12.25-13.06.26:509][ 88]LogModuleManager: Shutting down and abandoning module AlembicLibrary (335)
[2019.12.25-13.06.26:509][ 88]LogModuleManager: Shutting down and abandoning module GeometryCache (334)
[2019.12.25-13.06.26:509][ 88]LogModuleManager: Shutting down and abandoning module GeometryCacheEd (333)
[2019.12.25-13.06.26:509][ 88]LogModuleManager: Shutting down and abandoning module DatasmithContent (328)
[2019.12.25-13.06.26:509][ 88]LogModuleManager: Shutting down and abandoning module SpeedTreeImporter (326)
[2019.12.25-13.06.26:509][ 88]LogModuleManager: Shutting down and abandoning module PluginBrowser (324)
[2019.12.25-13.06.26:509][ 88]LogModuleManager: Shutting down and abandoning module MobileLauncherProfileWizard (322)
[2019.12.25-13.06.26:509][ 88]LogModuleManager: Shutting down and abandoning module CryptoKeysOpenSSL (320)
[2019.12.25-13.06.26:509][ 88]LogModuleManager: Shutting down and abandoning module CryptoKeys (318)
[2019.12.25-13.06.26:509][ 88]LogModuleManager: Shutting down and abandoning module VisualStudioSourceCodeAccess (316)
[2019.12.25-13.06.26:509][ 88]LogModuleManager: Shutting down and abandoning module VisualStudioCodeSourceCodeAccess (314)
[2019.12.25-13.06.26:509][ 88]LogModuleManager: Shutting down and abandoning module UObjectPlugin (312)
[2019.12.25-13.06.26:509][ 88]LogModuleManager: Shutting down and abandoning module SubversionSourceControl (310)
[2019.12.25-13.06.26:509][ 88]LogModuleManager: Shutting down and abandoning module PerforceSourceControl (308)
[2019.12.25-13.06.26:509][ 88]LogModuleManager: Shutting down and abandoning module GitSourceControl (306)
[2019.12.25-13.06.26:509][ 88]LogModuleManager: Shutting down and abandoning module SourceControl (305)
[2019.12.25-13.06.26:509][ 88]LogModuleManager: Shutting down and abandoning module CLionSourceCodeAccess (302)
[2019.12.25-13.06.26:509][ 88]LogModuleManager: Shutting down and abandoning module LightPropagationVolumeEditor (300)
[2019.12.25-13.06.26:509][ 88]LogModuleManager: Shutting down and abandoning module PaperTiledImporter (298)
[2019.12.25-13.06.26:509][ 88]LogModuleManager: Shutting down and abandoning module PaperSpriteSheetImporter (296)
[2019.12.25-13.06.26:510][ 88]LogModuleManager: Shutting down and abandoning module Paper2DEditor (294)
[2019.12.25-13.06.26:510][ 88]LogModuleManager: Shutting down and abandoning module MeshPaint (293)
[2019.12.25-13.06.26:510][ 88]LogModuleManager: Shutting down and abandoning module BuildingEscape (290)
[2019.12.25-13.06.26:510][ 88]LogModuleManager: Shutting down and abandoning module RuntimePhysXCooking (288)
[2019.12.25-13.06.26:510][ 88]LogModuleManager: Shutting down and abandoning module PhysXVehiclesEditor (286)
[2019.12.25-13.06.26:510][ 88]LogModuleManager: Shutting down and abandoning module PhysXVehicles (284)
[2019.12.25-13.06.26:510][ 88]LogModuleManager: Shutting down and abandoning module OculusEditor (282)
[2019.12.25-13.06.26:510][ 88]LogModuleManager: Shutting down and abandoning module LocationServicesBPLibrary (280)
[2019.12.25-13.06.26:510][ 88]LogModuleManager: Shutting down and abandoning module ImmediatePhysicsEditor (278)
[2019.12.25-13.06.26:510][ 88]LogModuleManager: Shutting down and abandoning module ImmediatePhysics (276)
[2019.12.25-13.06.26:510][ 88]LogModuleManager: Shutting down and abandoning module ActorSequence (274)
[2019.12.25-13.06.26:510][ 88]LogModuleManager: Shutting down and abandoning module UdpMessaging (272)
[2019.12.25-13.06.26:611][ 88]LogModuleManager: Shutting down and abandoning module TcpMessaging (270)
[2019.12.25-13.06.26:712][ 88]LogModuleManager: Shutting down and abandoning module GameplayTagsEditor (268)
[2019.12.25-13.06.26:712][ 88]LogModuleManager: Shutting down and abandoning module FacialAnimationEditor (266)
[2019.12.25-13.06.26:712][ 88]LogModuleManager: Shutting down and abandoning module FacialAnimation (264)
[2019.12.25-13.06.26:712][ 88]LogModuleManager: Shutting down and abandoning module DataValidation (262)
[2019.12.25-13.06.26:712][ 88]LogModuleManager: Shutting down and abandoning module AssetManagerEditor (260)
[2019.12.25-13.06.26:712][ 88]LogModuleManager: Shutting down and abandoning module LevelEditor (259)
[2019.12.25-13.06.26:713][ 88]LogModuleManager: Shutting down and abandoning module PixelInspectorModule (258)
[2019.12.25-13.06.26:713][ 88]LogModuleManager: Shutting down and abandoning module CommonMenuExtensions (256)
[2019.12.25-13.06.26:713][ 88]LogModuleManager: Shutting down and abandoning module MainFrame (254)
[2019.12.25-13.06.26:713][ 88]LogModuleManager: Shutting down and abandoning module HotReload (253)
[2019.12.25-13.06.26:713][ 88]LogDirectoryWatcher: A directory notification for 'G:/GitHub/Unreal_BuildingEscape/BuildingEscape/Binaries/Win64' was aborted.
[2019.12.25-13.06.26:714][ 88]LogModuleManager: Shutting down and abandoning module ContentBrowser (249)
[2019.12.25-13.06.26:715][ 88]LogModuleManager: Shutting down and abandoning module TreeMap (247)
[2019.12.25-13.06.26:715][ 88]LogModuleManager: Shutting down and abandoning module LightPropagationVolumeRuntime (244)
[2019.12.25-13.06.26:715][ 88]LogModuleManager: Shutting down and abandoning module LiveLinkEditor (242)
[2019.12.25-13.06.26:715][ 88]LogModuleManager: Shutting down and abandoning module LiveLink (240)
[2019.12.25-13.06.27:454][ 88]LogModuleManager: Shutting down and abandoning module Paper2D (238)
[2019.12.25-13.06.27:454][ 88]LogModuleManager: Shutting down and abandoning module WindowsMoviePlayer (236)
[2019.12.25-13.06.27:454][ 88]LogModuleManager: Shutting down and abandoning module WmfMedia (234)
[2019.12.25-13.06.27:456][ 88]LogModuleManager: Shutting down and abandoning module Media (233)
[2019.12.25-13.06.27:462][ 88]LogModuleManager: Shutting down and abandoning module PacketHandler (230)
[2019.12.25-13.06.27:462][ 88]LogModuleManager: Shutting down and abandoning module ClothingSystemEditor (228)
[2019.12.25-13.06.27:462][ 88]LogModuleManager: Shutting down and abandoning module ClothingSystemRuntime (226)
[2019.12.25-13.06.27:462][ 88]LogModuleManager: Shutting down and abandoning module MediaAssets (224)
[2019.12.25-13.06.27:462][ 88]LogModuleManager: Shutting down and abandoning module Overlay (222)
[2019.12.25-13.06.27:462][ 88]LogModuleManager: Shutting down and abandoning module OverlayEditor (221)
[2019.12.25-13.06.27:462][ 88]LogModuleManager: Shutting down and abandoning module VREditor (218)
[2019.12.25-13.06.27:463][ 88]LogModuleManager: Shutting down and abandoning module StringTableEditor (216)
[2019.12.25-13.06.27:463][ 88]LogModuleManager: Shutting down and abandoning module GameplayTasksEditor (214)
[2019.12.25-13.06.27:463][ 88]LogModuleManager: Shutting down and abandoning module BehaviorTreeEditor (212)
[2019.12.25-13.06.27:463][ 88]LogModuleManager: Shutting down and abandoning module FunctionalTesting (210)
[2019.12.25-13.06.27:463][ 88]LogModuleManager: Shutting down and abandoning module CollisionAnalyzer (208)
[2019.12.25-13.06.27:463][ 88]LogModuleManager: Shutting down and abandoning module WorkspaceMenuStructure (207)
[2019.12.25-13.06.27:463][ 88]LogModuleManager: Shutting down and abandoning module UMG (204)
[2019.12.25-13.06.27:463][ 88]LogModuleManager: Shutting down and abandoning module UMGEditor (203)
[2019.12.25-13.06.27:463][ 88]LogModuleManager: Shutting down and abandoning module Sequencer (202)
[2019.12.25-13.06.27:463][ 88]LogModuleManager: Shutting down and abandoning module MessageLog (199)
[2019.12.25-13.06.27:463][ 88]LogModuleManager: Shutting down and abandoning module SlateReflector (194)
[2019.12.25-13.06.27:463][ 88]LogModuleManager: Shutting down and abandoning module Slate (192)
[2019.12.25-13.06.27:463][ 88]LogModuleManager: Shutting down and abandoning module EditorStyle (190)
[2019.12.25-13.06.27:465][ 88]LogModuleManager: Shutting down and abandoning module MRMesh (188)
[2019.12.25-13.06.27:465][ 88]LogModuleManager: Shutting down and abandoning module SourceCodeAccess (186)
[2019.12.25-13.06.27:465][ 88]LogModuleManager: Shutting down and abandoning module HeadMountedDisplay (184)
[2019.12.25-13.06.27:465][ 88]LogModuleManager: Shutting down and abandoning module XAudio2 (182)
[2019.12.25-13.06.27:465][ 88]LogModuleManager: Shutting down and abandoning module Networking (180)
[2019.12.25-13.06.27:465][ 88]LogModuleManager: Shutting down and abandoning module Core (178)
[2019.12.25-13.06.27:465][ 88]LogModuleManager: Shutting down and abandoning module LevelSequence (176)
[2019.12.25-13.06.27:465][ 88]LogModuleManager: Shutting down and abandoning module KismetCompiler (174)
[2019.12.25-13.06.27:465][ 88]LogModuleManager: Shutting down and abandoning module MeshUtilities (172)
[2019.12.25-13.06.27:465][ 88]LogModuleManager: Shutting down and abandoning module MeshMergeUtilities (171)
[2019.12.25-13.06.27:465][ 88]LogModuleManager: Shutting down and abandoning module MeshReductionInterface (170)
[2019.12.25-13.06.27:465][ 88]LogModuleManager: Shutting down and abandoning module SimplygonSwarm (169)
[2019.12.25-13.06.27:465][ 88]LogModuleManager: Shutting down and abandoning module SimplygonMeshReduction (167)
[2019.12.25-13.06.27:465][ 88]LogModuleManager: Shutting down and abandoning module QuadricMeshReduction (165)
[2019.12.25-13.06.27:465][ 88]LogModuleManager: Shutting down and abandoning module MaterialBaking (161)
[2019.12.25-13.06.27:465][ 88]LogModuleManager: Shutting down and abandoning module DirectoryWatcher (157)
[2019.12.25-13.06.27:466][ 88]LogModuleManager: Shutting down and abandoning module DerivedDataCache (154)
[2019.12.25-13.06.27:492][ 88]LogDerivedDataCache: Shutdown
[2019.12.25-13.06.27:492][ 88]LogModuleManager: Shutting down and abandoning module XGEController (152)
[2019.12.25-13.06.27:493][ 88]LogModuleManager: Shutting down and abandoning module TargetPlatform (150)
[2019.12.25-13.06.27:493][ 88]LogModuleManager: Shutting down and abandoning module VulkanShaderFormat (149)
[2019.12.25-13.06.27:493][ 88]LogModuleManager: Shutting down and abandoning module ShaderFormatVectorVM (147)
[2019.12.25-13.06.27:493][ 88]LogModuleManager: Shutting down and abandoning module ShaderFormatOpenGL (145)
[2019.12.25-13.06.27:493][ 88]LogModuleManager: Shutting down and abandoning module ShaderFormatD3D (143)
[2019.12.25-13.06.27:493][ 88]LogModuleManager: Shutting down and abandoning module MetalShaderFormat (141)
[2019.12.25-13.06.27:493][ 88]LogModuleManager: Shutting down and abandoning module TextureFormatUncompressed (139)
[2019.12.25-13.06.27:493][ 88]LogModuleManager: Shutting down and abandoning module TextureFormatPVR (137)
[2019.12.25-13.06.27:493][ 88]LogModuleManager: Shutting down and abandoning module TextureFormatDXT (135)
[2019.12.25-13.06.27:493][ 88]LogModuleManager: Shutting down and abandoning module TextureFormatIntelISPCTexComp (133)
[2019.12.25-13.06.27:493][ 88]LogModuleManager: Shutting down and abandoning module TextureFormatASTC (131)
[2019.12.25-13.06.27:493][ 88]LogModuleManager: Shutting down and abandoning module ImageWrapper (130)
[2019.12.25-13.06.27:493][ 88]LogModuleManager: Shutting down and abandoning module TextureFormatAndroid (127)
[2019.12.25-13.06.27:493][ 88]LogModuleManager: Shutting down and abandoning module AudioFormatOpus (125)
[2019.12.25-13.06.27:493][ 88]LogModuleManager: Shutting down and abandoning module AudioFormatOgg (123)
[2019.12.25-13.06.27:493][ 88]LogModuleManager: Shutting down and abandoning module AudioFormatADPCM (121)
[2019.12.25-13.06.27:493][ 88]LogModuleManager: Shutting down and abandoning module LinuxTargetPlatform (119)
[2019.12.25-13.06.27:493][ 88]LogModuleManager: Shutting down and abandoning module LinuxServerTargetPlatform (117)
[2019.12.25-13.06.27:493][ 88]LogModuleManager: Shutting down and abandoning module LinuxNoEditorTargetPlatform (115)
[2019.12.25-13.06.27:493][ 88]LogModuleManager: Shutting down and abandoning module LinuxClientTargetPlatform (113)
[2019.12.25-13.06.27:493][ 88]LogModuleManager: Shutting down and abandoning module TVOSTargetPlatform (111)
[2019.12.25-13.06.27:493][ 88]LogModuleManager: Shutting down and abandoning module Messaging (109)
[2019.12.25-13.06.27:493][ 88]LogModuleManager: Shutting down and abandoning module IOSTargetPlatform (107)
[2019.12.25-13.06.27:493][ 88]LogModuleManager: Shutting down and abandoning module HTML5TargetPlatform (105)
[2019.12.25-13.06.27:493][ 88]LogModuleManager: Shutting down and abandoning module AndroidTargetPlatform (103)
[2019.12.25-13.06.27:493][ 88]LogModuleManager: Shutting down and abandoning module Android_PVRTCTargetPlatform (101)
[2019.12.25-13.06.27:493][ 88]LogModuleManager: Shutting down and abandoning module Android_MultiTargetPlatform (99)
[2019.12.25-13.06.27:493][ 88]LogModuleManager: Shutting down and abandoning module Android_ETC2TargetPlatform (97)
[2019.12.25-13.06.27:493][ 88]LogModuleManager: Shutting down and abandoning module Android_ETC1TargetPlatform (95)
[2019.12.25-13.06.27:493][ 88]LogModuleManager: Shutting down and abandoning module Android_ETC1aTargetPlatform (93)
[2019.12.25-13.06.27:493][ 88]LogModuleManager: Shutting down and abandoning module Android_DXTTargetPlatform (91)
[2019.12.25-13.06.27:493][ 88]LogModuleManager: Shutting down and abandoning module Android_ATCTargetPlatform (89)
[2019.12.25-13.06.27:493][ 88]LogModuleManager: Shutting down and abandoning module Android_ASTCTargetPlatform (87)
[2019.12.25-13.06.27:493][ 88]LogModuleManager: Shutting down and abandoning module WindowsTargetPlatform (85)
[2019.12.25-13.06.27:493][ 88]LogModuleManager: Shutting down and abandoning module WindowsServerTargetPlatform (83)
[2019.12.25-13.06.27:493][ 88]LogModuleManager: Shutting down and abandoning module WindowsNoEditorTargetPlatform (81)
[2019.12.25-13.06.27:494][ 88]LogModuleManager: Shutting down and abandoning module WindowsClientTargetPlatform (79)
[2019.12.25-13.06.27:494][ 88]LogModuleManager: Shutting down and abandoning module MacTargetPlatform (77)
[2019.12.25-13.06.27:494][ 88]LogModuleManager: Shutting down and abandoning module MacServerTargetPlatform (75)
[2019.12.25-13.06.27:494][ 88]LogModuleManager: Shutting down and abandoning module MacNoEditorTargetPlatform (73)
[2019.12.25-13.06.27:494][ 88]LogModuleManager: Shutting down and abandoning module MacClientTargetPlatform (71)
[2019.12.25-13.06.27:494][ 88]LogModuleManager: Shutting down and abandoning module AllDesktopTargetPlatform (69)
[2019.12.25-13.06.27:494][ 88]LogModuleManager: Shutting down and abandoning module InputCore (66)
[2019.12.25-13.06.27:494][ 88]LogModuleManager: Shutting down and abandoning module Settings (64)
[2019.12.25-13.06.27:494][ 88]LogModuleManager: Shutting down and abandoning module PhysXCooking (62)
[2019.12.25-13.06.27:494][ 88]LogModuleManager: Shutting down and abandoning module SteamVR (60)
[2019.12.25-13.06.27:494][ 88]LogModuleManager: Shutting down and abandoning module OculusHMD (58)
[2019.12.25-13.06.27:494][ 88]LogModuleManager: Shutting down and abandoning module ExampleDeviceProfileSelector (56)
[2019.12.25-13.06.27:494][ 88]LogModuleManager: Shutting down and abandoning module AppleARKit (54)
[2019.12.25-13.06.27:494][ 88]LogModuleManager: Shutting down and abandoning module AugmentedReality (51)
[2019.12.25-13.06.27:494][ 88]LogModuleManager: Shutting down and abandoning module OnlineBlueprintSupport (48)
[2019.12.25-13.06.27:494][ 88]LogModuleManager: Shutting down and abandoning module OnlineSubsystem (44)
[2019.12.25-13.06.27:494][ 88]LogModuleManager: Shutting down and abandoning module XMPP (43)
[2019.12.25-13.06.27:494][ 88]LogModuleManager: Shutting down and abandoning module HTTP (41)
[2019.12.25-13.06.27:494][ 88]LogHttp: Display: Http module shutting down, but needs to wait on 1 outstanding Http requests:
[2019.12.25-13.06.27:494][ 88]LogHttp: Display: 	verb=[POST] url=[https://datarouter.ol.epicgames.com/datarouter/api/v1/public/data?SessionID=%7B943C1865-4FA5-2468-EE15-A9AD88F7AF7B%7D&AppID=UEEditor.Rocket.Release&AppVersion=4.19.2-4033788%2B%2B%2BUE4%2BRelease-4.19&UserID=82a2241348b48e877e9f40bc1cff603f%7C93595d1d547b444190ba8d1df04ebb3f%7Cc465a6dc-d0e1-4461-87c2-cbb10e465a75&AppEnvironment=datacollector-binary&UploadType=eteventstream] status=Processing
[2019.12.25-13.06.27:507][ 88]LogModuleManager: Shutting down and abandoning module SSL (40)
[2019.12.25-13.06.27:509][ 88]LogModuleManager: Shutting down and abandoning module AnimationModifiers (36)
[2019.12.25-13.06.27:509][ 88]LogModuleManager: Shutting down and abandoning module PropertyEditor (35)
[2019.12.25-13.06.27:509][ 88]LogModuleManager: Shutting down and abandoning module AudioEditor (32)
[2019.12.25-13.06.27:509][ 88]LogModuleManager: Shutting down and abandoning module TextureCompressor (30)
[2019.12.25-13.06.27:509][ 88]LogModuleManager: Shutting down and abandoning module ShaderCore (28)
[2019.12.25-13.06.27:509][ 88]LogModuleManager: Shutting down and abandoning module Landscape (26)
[2019.12.25-13.06.27:509][ 88]LogModuleManager: Shutting down and abandoning module SlateRHIRenderer (24)
[2019.12.25-13.06.27:510][ 88]LogModuleManager: Shutting down and abandoning module OpenGLDrv (22)
[2019.12.25-13.06.27:510][ 88]LogModuleManager: Shutting down and abandoning module D3D11RHI (20)
[2019.12.25-13.06.27:510][ 88]LogModuleManager: Shutting down and abandoning module AnimGraphRuntime (18)
[2019.12.25-13.06.27:510][ 88]LogModuleManager: Shutting down and abandoning module Renderer (16)
[2019.12.25-13.06.27:510][ 88]LogModuleManager: Shutting down and abandoning module Engine (14)
[2019.12.25-13.06.27:510][ 88]LogModuleManager: Shutting down and abandoning module CoreUObject (12)
[2019.12.25-13.06.27:510][ 88]LogModuleManager: Shutting down and abandoning module NetworkFile (10)
[2019.12.25-13.06.27:510][ 88]LogModuleManager: Shutting down and abandoning module CookedIterativeFile (8)
[2019.12.25-13.06.27:510][ 88]LogModuleManager: Shutting down and abandoning module StreamingFile (6)
[2019.12.25-13.06.27:510][ 88]LogModuleManager: Shutting down and abandoning module SandboxFile (4)
[2019.12.25-13.06.27:510][ 88]LogModuleManager: Shutting down and abandoning module PakFile (2)
[2019.12.25-13.06.27:516][ 88]LogExit: Exiting.
[2019.12.25-13.06.27:531][ 88]Log file closed, 12/25/19 13:06:27
